30-Nov-2019 04:13:27.608 INFO [http-nio-8080-exec-8] org.apache.tomcat.util.http.parser.Cookie.logInvalidHeader A cookie header was received [:language=5; BITRIX_SM_SALE_UID=2529214; _t_origin=US; SESSc9212877e0a4ea1786cedc2b265548bd=IsPnK2F_m1h0Z6KHwnIlxoduHYsWRHt1GJBxNNSGTjI; FSSBBIl1UgzbN7N80T=1HpY9pi0J8q6_lierRAIXFWvbyqxIdg3u2Ceqo_Um7AakxztEwrzCPQ8Z.iqTcpoWe6eWwKDwaxqidtKYKF_j8Bg4V_PvLbtZviL8MEfQ4DzVZTfek80kcay7xyPHxEWBsmTih5pQBiibCXiGpicYqtD62aTgQYkCDIpXOYya2VyRUq; FSSBBIl1UgzbN7N80S=b.JnQibCNj.f8nVdzdj1c9VhkbO811NJlYHZ5vj0MUboIoGwpIfCd7C7v724NVuv; counter=1; SESSbb814ceb9561b0661aa934f350db5f9f=l7SJUs1oCKKnveuydjDdUpC4MxCd3CuYZz0HKc5RUyc; experimentation_subject_id=ImE5N2FhZWVhLTk3MTUtNGZiOS04ZWRjLTEwZjE0NzhhZGY5ZSI%3D--6acbe70aa20c9e28011e065b5882e515bcdbea22; SESSffb966e4341ad4f44c3959d57a10b3f6=81her6aa8rf1hcbo63nf1l00e1; _fiink_session=BAh7BkkiD3Nlc3Npb25faWQGOgZFRkkiJWY4MzdmMWQwMzg1ZGRlMTZlMjRjNDlkY2M4MmYwYTE5BjsAVA%3D%3D--c7918e29cae430bfa3594dc0fc0863da8fb73149; did=web_6247364008364f36b8c7d8754de05d47; didv=1574902553000; SESSda59b654364c85745524d7c7d8cb2ac9=ieo33dpnq8a24v9onhmk2gbp30; language=bg; currency=BGN; SESS5290516d5b2a2625804ea55a5a29c628=kbronpr9h01jpig55cjeetukb3; pincode=110001; experiment_visitor_id=56419f0d-5038-48bf-a495-7fa365b6ea85; GG=eyJjc3JmX3Rva2VuIjoiZGY5MDQyODEzNmFiNDVmM2VkZjk0ZWQ3OGZhZmE1ZDQ4N2E0YjAxZCIsImV4cGlyZXMiOjE2MDQwMDUxNjB9--83e577dcf95d04622f39cf540430609958721f48; handl_landing_page=http%3A%2F%2Fwww.neti.eehttp%3A%2F%2Fwww.neti.ee%2F%3F0.100263188007123801317920; handl_ip=50.117.47.15; handl_url=http%3A%2F%2Fwww.neti.eehttp%3A%2F%2Fwww.neti.ee%2F%3F0.100263188007123801317920; ACCOUNT_URL=http%3A%2F%2Fmegaplan.rikor.com; user_token=null; mfh_sess_id=0f9110ac2180f05e2bd715ba1ec23e76; mfh_logined=0; mfh_uid=0; mfh_last_click=1575029853; _sessionSite=bhjAM8dDqczNVrJyvTEL%2BRgeB7nt5p2%2BqmWoEZNtUW8NC8C2dNmCBET0ea6k81p1PFTpreib6puXI67JWYliC4lzKGlpZ5Zsbz%2BnUkDOzhf%2BOHHJS2Z2I1HUV426n5G0sFKg%2BHt64S%2BRE%2B92CbaoAmT95SLesNAS5do9XQ23%2F0XW3st1oG5r2un7lBI8UpfabMV1aN6jqy8YuZ%2FpD7KDcFH8UZbJW%2F%2BSWM%2BdueTCjJ4VeYgvJXn5CLqjXNwlSbAY; SESSdf138f04712439d4ecaf2fa473b98d49=5129c425baac026614f55dd6070ca34d; PHPSESSID=73bc96a08569d4a10ec777e4163c3e60; safedog-flow-item=; ANONYMOUS_USER_ID=161310; XSRF-TOKEN=eyJpdiI6IjhFVDBKeWJmbTZXcWxyXC82RlZmUlRnPT0iLCJ2YWx1ZSI6IldrWENmd0xFanVwdGRSUDFoSlptSU82c0JcL1dlT3h2MjNwcEZuNVRQalh1Tk1WU3lSNHEzWGc2ZGdPZXhMVVdsM2VkbUVuQ3czSTArNmxoSU1QU2Z2dz09IiwibWFjIjoiYjgwNTVkNjIzMzhjOWViNTRmZWI2NDlhYTI0MjBiNjYyYjRlNWZkMGNlNmJhMzYwYzk2OTdkMTI2NGZhZjg4NyJ9; laravel_session=eyJpdiI6IlR0XC9XT2xzZjR0RHJ5RDlmQUxlRFV3PT0iLCJ2YWx1ZSI6ImhtamRka0EwcllZVGNaTDV6ZmZFTVErMVY1OWhkTnhRbXdXUVg4MEJKSTJUUzJTbk4raWpsQnVPbmFrUmYyNG5Jdm1pcEZMazVLMGJjcWJnQ0JrQjRBPT0iLCJtYWMiOiI0NmYyZWMxMGI2Mzk5NTEyMWM0MDk5YTQ0N2EyODZiMjVlNzM1YjFkYmI0NGE5YzA2ZDVhZjFiMGJjMWEwMjBmIn0%3D; pma_collation_connection=utf8mb4_unicode_ci; netflix-proxy-admin=820e575429a8c0d7af97641862982e3930a0e1ec; COOKIE=0f2f7532258da985; __RequestVerificationToken=di76MLlybhOY_FZ5YKhApOxSXR4otsYIxZqIXsQvxx9iPY7FoWJRqrRdNZjIHwepFZ6bJILDm0p09T-t9JzTjooeM9AZU8T6VyeqCI6A45NaKTrF_TINCc6mX6sn_nXKI9f0m2EI2wiqOjEvQXafrA2; AIROS_DC9FDB4EBA51=67bb4d11bd2a1dc940199d8d0cca1dd6; ui_language=en_US; AIROS_002722325341=1965281759a9d4a3d7ee8a905bd33ba4; AIROS_DC9FDB8A9EE9=586fcba5d8c91cca75a7cb62417db71c; JSESSIONID=E9D50C0C835F952B2F0F88BF890BB58B; JSESSIONID.c0a89f8e=node019kv7cp1frdel13sx5xh8vmx18658.node0; ASPSESSIONIDQQSBRSQC=IGCNNKICAFJPJHFAHEEKNNKC; ASP.NET_SessionId=04rrbsg2q4gckihwwgf2s215; ZM_TEST=true; ZM_LOGIN_CSRF=a6c7f32e-7207-496e-9693-b39ec62c0816; PHPSESSID=ca2878796ca; SID=ecef376072f8fbeba65cf8f44858e7d4; JSESSIONID.53b18600=node01anpdjexz6oc71ozgzng2rzwrl267.node0; JSESSIONID.e8f6bffe=node01g65d20buhu1ok98f6fvfd1wm20242.node0; atlassian.xsrf.token=BHDS-HAV4-9TN0-ULH0_ca12dcc8707de568727bb4c467c6fe2e2c5f9399_lout; wdcpsessionID=8e9e9954b93bc9e0b72f03742467db12; JSESSIONID.72d63ff1=node05u5quqjzhkultneq53hj4nwq6.node0; zentaosid=afda06eq189sc5c8qp47jre3l6; lang=en-US; device=desktop; theme=default; JSESSIONID.3e2d39b4=node01vc4t3n2x2tgkuec4z6v7b5zd3465.node0; JSESSIONID.e6121eb0=node01du2me5e7ymsspzaeew055gia21361.node0; vertx-web.session=a467fc2d9a7bf6ba9a1e9f8e1110eb8b; phpMyAdmin=9h3qlveg2r3fpq56j3470rndlolth9bk; pma_mcrypt_iv=9qnrEbdv2Do%3D; _session=eyJpdiI6IjBTdjVzbFFcL3RVSVwvaXBiMTJGeXFZZz09IiwidmFsdWUiOiI4dFk0VWRxUWlucnhXR2I3TVwvMks3U1Y0N3ZPM3RBV29nVGN5YXk5aHdWRjh6SEtFWmFic1V1dEJMWFV4djVtRiIsIm1hYyI6ImVjOTA5MDM4MjhhNmFjMjdlN2E1NWY2NjMyMDdhZDhlNWQ0YWU3ZjBiN2UwOGI1NjRiNTlkMTQzMzJhZWM5NDcifQ%3D%3D; koa.sid=wQxAt1vgATM-EByESn7BeGtbf0ivnUA_; koa.sid.sig=Ay60ZsAvmEON1EiroCv5O8U7CDU; JSESSIONID.5311cb78=node0ntj851h6x4pl171meoekxon1q22149.node0; BT_PANEL_6=d52b1c66-79f9-4493-b29e-767f5af5605d.e0aFxVLgK6DjrScLFdveBIh3w0Y; jesims.session.id=01bdef356add4c6d8dca2f1c8fcc1179; tabmode=1; skin=Finding; visited=%5B%22%2F%22%5D; JSESSIONID.4e4c847a=node0wo7j4nro08s3rgkhjbjztpxh1962.node0; JSESSIONID.1f1b3f00=node01tssh2ntv9qgj19apq7dttlr714438.node0; SESSION=ZmE1Zjc4ODktYzE2My00ZTViLWI5MWItOTIwNTRiYjMxYmVi; i_like_gogs=76f2f7dc0a80db4d; _csrf=PEcbhRguDjcieu-iLO2vyWN4m5w6MTU3NTA1ODQwNTg1OTc3OTg0MA%3D%3D; SHAREJSESSIONID=ss-261d8054-49b4-40dc-ae0c-5367cb563526; onlinesid=36295a8c-5d66-4d81-96c9-a190b97fff68] that contained an invalid cookie. That cookie will be ignored.Note: further occurrences of this error will be logged at DEBUG level.
30-Nov-2019 06:46:42.214 INFO [http-nio-8080-exec-13] org.apache.coyote.http11.Http11Processor.service Error parsing HTTP request header
 Note: further occurrences of HTTP header parsing errors will be logged at DEBUG level.
 java.lang.IllegalArgumentException: Invalid character found in method name. HTTP method names must be tokens
	at org.apache.coyote.http11.Http11InputBuffer.parseRequestLine(Http11InputBuffer.java:422)
	at org.apache.coyote.http11.Http11Processor.service(Http11Processor.java:667)
	at org.apache.coyote.AbstractProcessorLight.process(AbstractProcessorLight.java:66)
	at org.apache.coyote.AbstractProtocol$ConnectionHandler.process(AbstractProtocol.java:798)
	at org.apache.tomcat.util.net.NioEndpoint$SocketProcessor.doRun(NioEndpoint.java:1441)
	at org.apache.tomcat.util.net.SocketProcessorBase.run(SocketProcessorBase.java:49)
	at java.util.concurrent.ThreadPoolExecutor.runWorker(ThreadPoolExecutor.java:1142)
	at java.util.concurrent.ThreadPoolExecutor$Worker.run(ThreadPoolExecutor.java:617)
	at org.apache.tomcat.util.threads.TaskThread$WrappingRunnable.run(TaskThread.java:61)
	at java.lang.Thread.run(Thread.java:748)

30-Nov-2019 18:46:24.451 INFO [http-nio-8080-exec-13] org.apache.coyote.http11.Http11Processor.service Error parsing HTTP request header
 Note: further occurrences of HTTP header parsing errors will be logged at DEBUG level.
 java.lang.IllegalArgumentException: Invalid character found in method name. HTTP method names must be tokens
	at org.apache.coyote.http11.Http11InputBuffer.parseRequestLine(Http11InputBuffer.java:422)
	at org.apache.coyote.http11.Http11Processor.service(Http11Processor.java:667)
	at org.apache.coyote.AbstractProcessorLight.process(AbstractProcessorLight.java:66)
	at org.apache.coyote.AbstractProtocol$ConnectionHandler.process(AbstractProtocol.java:798)
	at org.apache.tomcat.util.net.NioEndpoint$SocketProcessor.doRun(NioEndpoint.java:1441)
	at org.apache.tomcat.util.net.SocketProcessorBase.run(SocketProcessorBase.java:49)
	at java.util.concurrent.ThreadPoolExecutor.runWorker(ThreadPoolExecutor.java:1142)
	at java.util.concurrent.ThreadPoolExecutor$Worker.run(ThreadPoolExecutor.java:617)
	at org.apache.tomcat.util.threads.TaskThread$WrappingRunnable.run(TaskThread.java:61)
	at java.lang.Thread.run(Thread.java:748)

