23-Jun-2019 09:21:11.132 INFO [main] org.apache.catalina.core.StandardServer.await A valid shutdown command was received via the shutdown port. Stopping the Server instance.
23-Jun-2019 09:21:11.132 INFO [main] org.apache.coyote.AbstractProtocol.pause Pausing ProtocolHandler ["http-nio-8080"]
23-Jun-2019 09:21:11.134 INFO [main] org.apache.coyote.AbstractProtocol.pause Pausing ProtocolHandler ["https-jsse-nio-443"]
23-Jun-2019 09:21:11.134 INFO [main] org.apache.coyote.AbstractProtocol.pause Pausing ProtocolHandler ["ajp-nio-8009"]
23-Jun-2019 09:21:11.134 INFO [main] org.apache.catalina.core.StandardService.stopInternal Stopping service Catalina
23-Jun-2019 09:21:11.247 SEVERE [localhost-startStop-2] org.apache.catalina.loader.WebappClassLoaderBase.checkThreadLocalMapForLeaks The web application [docstorm] created a ThreadLocal with key of type [asposewobfuscated.zzL4$1] (value [asposewobfuscated.zzL4$1@17ee93f3]) and a value of type [asposewobfuscated.zzL3] (value [asposewobfuscated.zzL3@43ba9584]) but failed to remove it when the web application was stopped. Threads are going to be renewed over time to try and avoid a probable memory leak.
23-Jun-2019 09:21:11.248 SEVERE [localhost-startStop-2] org.apache.catalina.loader.WebappClassLoaderBase.checkThreadLocalMapForLeaks The web application [docstorm] created a ThreadLocal with key of type [asposewobfuscated.zzL4$1] (value [asposewobfuscated.zzL4$1@17ee93f3]) and a value of type [asposewobfuscated.zzL3] (value [asposewobfuscated.zzL3@715f4371]) but failed to remove it when the web application was stopped. Threads are going to be renewed over time to try and avoid a probable memory leak.
23-Jun-2019 09:21:11.316 WARNING [localhost-startStop-2] org.apache.catalina.loader.WebappClassLoaderBase.clearReferencesJdbc The web application [music-api-3.0] registered the JDBC driver [com.mysql.cj.jdbc.Driver] but failed to unregister it when the web application was stopped. To prevent a memory leak, the JDBC Driver has been forcibly unregistered.
23-Jun-2019 09:21:11.316 WARNING [localhost-startStop-2] org.apache.catalina.loader.WebappClassLoaderBase.clearReferencesJdbc The web application [music-api-3.0] registered the JDBC driver [org.apache.ibatis.datasource.unpooled.UnpooledDataSource.DriverProxy] but failed to unregister it when the web application was stopped. To prevent a memory leak, the JDBC Driver has been forcibly unregistered.
23-Jun-2019 09:21:11.319 WARNING [localhost-startStop-2] org.apache.catalina.loader.WebappClassLoaderBase.clearReferencesThreads The web application [music-api-3.0] appears to have started a thread named [mysql-cj-abandoned-connection-cleanup] but has failed to stop it. This is very likely to create a memory leak. Stack trace of thread:
 java.lang.Object.wait(Native Method)
 java.lang.ref.ReferenceQueue.remove(ReferenceQueue.java:143)
 com.mysql.cj.jdbc.AbandonedConnectionCleanupThread.run(AbandonedConnectionCleanupThread.java:85)
 java.util.concurrent.ThreadPoolExecutor.runWorker(ThreadPoolExecutor.java:1142)
 java.util.concurrent.ThreadPoolExecutor$Worker.run(ThreadPoolExecutor.java:617)
 java.lang.Thread.run(Thread.java:748)
23-Jun-2019 09:21:11.357 INFO [main] org.apache.coyote.AbstractProtocol.stop Stopping ProtocolHandler ["http-nio-8080"]
23-Jun-2019 09:21:11.358 INFO [main] org.apache.coyote.AbstractProtocol.stop Stopping ProtocolHandler ["ajp-nio-8009"]
23-Jun-2019 09:21:11.361 INFO [main] org.apache.coyote.AbstractProtocol.destroy Destroying ProtocolHandler ["http-nio-8080"]
23-Jun-2019 09:21:11.365 INFO [main] org.apache.coyote.AbstractProtocol.stop Stopping ProtocolHandler ["https-jsse-nio-443"]
23-Jun-2019 09:21:11.365 INFO [main] org.apache.coyote.AbstractProtocol.destroy Destroying ProtocolHandler ["https-jsse-nio-443"]
23-Jun-2019 09:21:11.365 INFO [main] org.apache.coyote.AbstractProtocol.destroy Destroying ProtocolHandler ["ajp-nio-8009"]
23-Jun-2019 09:21:12.562 INFO [main] org.apache.catalina.startup.VersionLoggerListener.log Server version:        Apache Tomcat/8.5.12
23-Jun-2019 09:21:12.566 INFO [main] org.apache.catalina.startup.VersionLoggerListener.log Server built:          Mar 8 2017 17:41:47 UTC
23-Jun-2019 09:21:12.566 INFO [main] org.apache.catalina.startup.VersionLoggerListener.log Server number:         8.5.12.0
23-Jun-2019 09:21:12.567 INFO [main] org.apache.catalina.startup.VersionLoggerListener.log OS Name:               Linux
23-Jun-2019 09:21:12.567 INFO [main] org.apache.catalina.startup.VersionLoggerListener.log OS Version:            4.4.0-142-generic
23-Jun-2019 09:21:12.567 INFO [main] org.apache.catalina.startup.VersionLoggerListener.log Architecture:          amd64
23-Jun-2019 09:21:12.567 INFO [main] org.apache.catalina.startup.VersionLoggerListener.log Java Home:             /usr/java/jdk/jre
23-Jun-2019 09:21:12.567 INFO [main] org.apache.catalina.startup.VersionLoggerListener.log JVM Version:           1.8.0_131-b11
23-Jun-2019 09:21:12.567 INFO [main] org.apache.catalina.startup.VersionLoggerListener.log JVM Vendor:            Oracle Corporation
23-Jun-2019 09:21:12.567 INFO [main] org.apache.catalina.startup.VersionLoggerListener.log CATALINA_BASE:         /www/server/tomcat
23-Jun-2019 09:21:12.567 INFO [main] org.apache.catalina.startup.VersionLoggerListener.log CATALINA_HOME:         /www/server/tomcat
23-Jun-2019 09:21:12.569 INFO [main] org.apache.catalina.startup.VersionLoggerListener.log Command line argument: -Djava.util.logging.config.file=/www/server/tomcat/conf/logging.properties
23-Jun-2019 09:21:12.569 INFO [main] org.apache.catalina.startup.VersionLoggerListener.log Command line argument: -Djava.util.logging.manager=org.apache.juli.ClassLoaderLogManager
23-Jun-2019 09:21:12.569 INFO [main] org.apache.catalina.startup.VersionLoggerListener.log Command line argument: -Djdk.tls.ephemeralDHKeySize=2048
23-Jun-2019 09:21:12.574 INFO [main] org.apache.catalina.startup.VersionLoggerListener.log Command line argument: -Djava.protocol.handler.pkgs=org.apache.catalina.webresources
23-Jun-2019 09:21:12.574 INFO [main] org.apache.catalina.startup.VersionLoggerListener.log Command line argument: -Dcatalina.base=/www/server/tomcat
23-Jun-2019 09:21:12.574 INFO [main] org.apache.catalina.startup.VersionLoggerListener.log Command line argument: -Dcatalina.home=/www/server/tomcat
23-Jun-2019 09:21:12.576 INFO [main] org.apache.catalina.startup.VersionLoggerListener.log Command line argument: -Djava.io.tmpdir=/www/server/tomcat/temp
23-Jun-2019 09:21:12.578 INFO [main] org.apache.catalina.core.AprLifecycleListener.lifecycleEvent The APR based Apache Tomcat Native library which allows optimal performance in production environments was not found on the java.library.path: /usr/java/packages/lib/amd64:/usr/lib64:/lib64:/lib:/usr/lib
23-Jun-2019 09:21:12.910 INFO [main] org.apache.coyote.AbstractProtocol.init Initializing ProtocolHandler ["http-nio-8080"]
23-Jun-2019 09:21:12.967 INFO [main] org.apache.tomcat.util.net.NioSelectorPool.getSharedSelector Using a shared selector for servlet write/read
23-Jun-2019 09:21:12.974 INFO [main] org.apache.coyote.AbstractProtocol.init Initializing ProtocolHandler ["https-jsse-nio-443"]
23-Jun-2019 09:21:12.976 SEVERE [main] org.apache.coyote.AbstractProtocol.init Failed to initialize end point associated with ProtocolHandler ["https-jsse-nio-443"]
 java.net.BindException: Address already in use
	at sun.nio.ch.Net.bind0(Native Method)
	at sun.nio.ch.Net.bind(Net.java:433)
	at sun.nio.ch.Net.bind(Net.java:425)
	at sun.nio.ch.ServerSocketChannelImpl.bind(ServerSocketChannelImpl.java:223)
	at sun.nio.ch.ServerSocketAdaptor.bind(ServerSocketAdaptor.java:74)
	at org.apache.tomcat.util.net.NioEndpoint.bind(NioEndpoint.java:210)
	at org.apache.tomcat.util.net.AbstractEndpoint.init(AbstractEndpoint.java:972)
	at org.apache.tomcat.util.net.AbstractJsseEndpoint.init(AbstractJsseEndpoint.java:244)
	at org.apache.coyote.AbstractProtocol.init(AbstractProtocol.java:558)
	at org.apache.coyote.http11.AbstractHttp11Protocol.init(AbstractHttp11Protocol.java:65)
	at org.apache.catalina.connector.Connector.initInternal(Connector.java:968)
	at org.apache.catalina.util.LifecycleBase.init(LifecycleBase.java:107)
	at org.apache.catalina.core.StandardService.initInternal(StandardService.java:549)
	at org.apache.catalina.util.LifecycleBase.init(LifecycleBase.java:107)
	at org.apache.catalina.core.StandardServer.initInternal(StandardServer.java:875)
	at org.apache.catalina.util.LifecycleBase.init(LifecycleBase.java:107)
	at org.apache.catalina.startup.Catalina.load(Catalina.java:606)
	at org.apache.catalina.startup.Catalina.load(Catalina.java:629)
	at sun.reflect.NativeMethodAccessorImpl.invoke0(Native Method)
	at sun.reflect.NativeMethodAccessorImpl.invoke(NativeMethodAccessorImpl.java:62)
	at sun.reflect.DelegatingMethodAccessorImpl.invoke(DelegatingMethodAccessorImpl.java:43)
	at java.lang.reflect.Method.invoke(Method.java:498)
	at org.apache.catalina.startup.Bootstrap.load(Bootstrap.java:311)
	at org.apache.catalina.startup.Bootstrap.main(Bootstrap.java:494)

23-Jun-2019 09:21:12.978 SEVERE [main] org.apache.catalina.core.StandardService.initInternal Failed to initialize connector [Connector[HTTP/1.1-443]]
 org.apache.catalina.LifecycleException: Failed to initialize component [Connector[HTTP/1.1-443]]
	at org.apache.catalina.util.LifecycleBase.init(LifecycleBase.java:112)
	at org.apache.catalina.core.StandardService.initInternal(StandardService.java:549)
	at org.apache.catalina.util.LifecycleBase.init(LifecycleBase.java:107)
	at org.apache.catalina.core.StandardServer.initInternal(StandardServer.java:875)
	at org.apache.catalina.util.LifecycleBase.init(LifecycleBase.java:107)
	at org.apache.catalina.startup.Catalina.load(Catalina.java:606)
	at org.apache.catalina.startup.Catalina.load(Catalina.java:629)
	at sun.reflect.NativeMethodAccessorImpl.invoke0(Native Method)
	at sun.reflect.NativeMethodAccessorImpl.invoke(NativeMethodAccessorImpl.java:62)
	at sun.reflect.DelegatingMethodAccessorImpl.invoke(DelegatingMethodAccessorImpl.java:43)
	at java.lang.reflect.Method.invoke(Method.java:498)
	at org.apache.catalina.startup.Bootstrap.load(Bootstrap.java:311)
	at org.apache.catalina.startup.Bootstrap.main(Bootstrap.java:494)
Caused by: org.apache.catalina.LifecycleException: Protocol handler initialization failed
	at org.apache.catalina.connector.Connector.initInternal(Connector.java:970)
	at org.apache.catalina.util.LifecycleBase.init(LifecycleBase.java:107)
	... 12 more
Caused by: java.net.BindException: Address already in use
	at sun.nio.ch.Net.bind0(Native Method)
	at sun.nio.ch.Net.bind(Net.java:433)
	at sun.nio.ch.Net.bind(Net.java:425)
	at sun.nio.ch.ServerSocketChannelImpl.bind(ServerSocketChannelImpl.java:223)
	at sun.nio.ch.ServerSocketAdaptor.bind(ServerSocketAdaptor.java:74)
	at org.apache.tomcat.util.net.NioEndpoint.bind(NioEndpoint.java:210)
	at org.apache.tomcat.util.net.AbstractEndpoint.init(AbstractEndpoint.java:972)
	at org.apache.tomcat.util.net.AbstractJsseEndpoint.init(AbstractJsseEndpoint.java:244)
	at org.apache.coyote.AbstractProtocol.init(AbstractProtocol.java:558)
	at org.apache.coyote.http11.AbstractHttp11Protocol.init(AbstractHttp11Protocol.java:65)
	at org.apache.catalina.connector.Connector.initInternal(Connector.java:968)
	... 13 more

23-Jun-2019 09:21:12.990 INFO [main] org.apache.coyote.AbstractProtocol.init Initializing ProtocolHandler ["ajp-nio-8009"]
23-Jun-2019 09:21:12.992 INFO [main] org.apache.tomcat.util.net.NioSelectorPool.getSharedSelector Using a shared selector for servlet write/read
23-Jun-2019 09:21:12.999 INFO [main] org.apache.catalina.startup.Catalina.load Initialization processed in 1486 ms
23-Jun-2019 09:21:13.067 INFO [main] org.apache.catalina.core.StandardService.startInternal Starting service Catalina
23-Jun-2019 09:21:13.068 INFO [main] org.apache.catalina.core.StandardEngine.startInternal Starting Servlet Engine: Apache Tomcat/8.5.12
23-Jun-2019 09:21:17.184 INFO [localhost-startStop-1] org.apache.jasper.servlet.TldScanner.scanJars At least one JAR was scanned for TLDs yet contained no TLDs. Enable debug logging for this logger for a complete list of JARs that were scanned but no TLDs were found in them. Skipping unneeded JARs during scanning can improve startup time and JSP compilation time.
23-Jun-2019 09:21:19.332 INFO [localhost-startStop-1] org.apache.jasper.servlet.TldScanner.scanJars At least one JAR was scanned for TLDs yet contained no TLDs. Enable debug logging for this logger for a complete list of JARs that were scanned but no TLDs were found in them. Skipping unneeded JARs during scanning can improve startup time and JSP compilation time.
23-Jun-2019 09:21:22.204 INFO [localhost-startStop-1] org.apache.catalina.startup.HostConfig.deployDirectory Deploying web application directory /www/server/panel/vhost/tomcat/docs
23-Jun-2019 09:21:22.235 INFO [localhost-startStop-1] org.apache.catalina.startup.HostConfig.deployDirectory Deployment of web application directory /www/server/panel/vhost/tomcat/docs has finished in 30 ms
23-Jun-2019 09:21:22.236 INFO [localhost-startStop-1] org.apache.catalina.startup.HostConfig.deployDirectory Deploying web application directory /www/server/panel/vhost/tomcat/examples
23-Jun-2019 09:21:22.494 INFO [localhost-startStop-1] org.apache.catalina.startup.HostConfig.deployDirectory Deployment of web application directory /www/server/panel/vhost/tomcat/examples has finished in 258 ms
23-Jun-2019 09:21:22.494 INFO [localhost-startStop-1] org.apache.catalina.startup.HostConfig.deployDirectory Deploying web application directory /www/server/panel/vhost/tomcat/manager
23-Jun-2019 09:21:22.538 INFO [localhost-startStop-1] org.apache.catalina.startup.HostConfig.deployDirectory Deployment of web application directory /www/server/panel/vhost/tomcat/manager has finished in 43 ms
23-Jun-2019 09:21:22.538 INFO [localhost-startStop-1] org.apache.catalina.startup.HostConfig.deployDirectory Deploying web application directory /www/server/panel/vhost/tomcat/host-manager
23-Jun-2019 09:21:22.610 INFO [localhost-startStop-1] org.apache.catalina.startup.HostConfig.deployDirectory Deployment of web application directory /www/server/panel/vhost/tomcat/host-manager has finished in 72 ms
23-Jun-2019 09:21:22.611 INFO [localhost-startStop-1] org.apache.catalina.startup.HostConfig.deployDirectory Deploying web application directory /www/server/panel/vhost/tomcat/ROOT
23-Jun-2019 09:21:22.633 INFO [localhost-startStop-1] org.apache.catalina.startup.HostConfig.deployDirectory Deployment of web application directory /www/server/panel/vhost/tomcat/ROOT has finished in 22 ms
23-Jun-2019 09:21:22.642 INFO [main] org.apache.coyote.AbstractProtocol.start Starting ProtocolHandler [http-nio-8080]
23-Jun-2019 09:21:22.678 INFO [main] org.apache.coyote.AbstractProtocol.start Starting ProtocolHandler [ajp-nio-8009]
23-Jun-2019 09:21:22.701 INFO [main] org.apache.catalina.startup.Catalina.start Server startup in 9701 ms
23-Jun-2019 23:37:16.274 INFO [http-nio-8080-exec-5] org.apache.coyote.http11.Http11Processor.service Error parsing HTTP request header
 Note: further occurrences of HTTP header parsing errors will be logged at DEBUG level.
 java.lang.IllegalArgumentException: Invalid character found in method name. HTTP method names must be tokens
	at org.apache.coyote.http11.Http11InputBuffer.parseRequestLine(Http11InputBuffer.java:422)
	at org.apache.coyote.http11.Http11Processor.service(Http11Processor.java:667)
	at org.apache.coyote.AbstractProcessorLight.process(AbstractProcessorLight.java:66)
	at org.apache.coyote.AbstractProtocol$ConnectionHandler.process(AbstractProtocol.java:798)
	at org.apache.tomcat.util.net.NioEndpoint$SocketProcessor.doRun(NioEndpoint.java:1441)
	at org.apache.tomcat.util.net.SocketProcessorBase.run(SocketProcessorBase.java:49)
	at java.util.concurrent.ThreadPoolExecutor.runWorker(ThreadPoolExecutor.java:1142)
	at java.util.concurrent.ThreadPoolExecutor$Worker.run(ThreadPoolExecutor.java:617)
	at org.apache.tomcat.util.threads.TaskThread$WrappingRunnable.run(TaskThread.java:61)
	at java.lang.Thread.run(Thread.java:748)

