16-Nov-2019 13:06:24.522 INFO [http-nio-8080-exec-1] org.apache.catalina.core.ApplicationContext.log SessionListener: sessionCreated('38360E941AE1439523188520D07FB781')
16-Nov-2019 13:09:40.197 SEVERE [http-nio-8080-exec-6] org.apache.catalina.core.StandardWrapperValve.invoke Servlet.service() for servlet [simpleimagepush] in context with path [/examples] threw exception
 java.lang.NullPointerException
	at http2.SimpleImagePush.doGet(SimpleImagePush.java:37)
	at javax.servlet.http.HttpServlet.service(HttpServlet.java:635)
	at javax.servlet.http.HttpServlet.service(HttpServlet.java:742)
	at org.apache.catalina.core.ApplicationFilterChain.internalDoFilter(ApplicationFilterChain.java:230)
	at org.apache.catalina.core.ApplicationFilterChain.doFilter(ApplicationFilterChain.java:165)
	at org.apache.tomcat.websocket.server.WsFilter.doFilter(WsFilter.java:52)
	at org.apache.catalina.core.ApplicationFilterChain.internalDoFilter(ApplicationFilterChain.java:192)
	at org.apache.catalina.core.ApplicationFilterChain.doFilter(ApplicationFilterChain.java:165)
	at org.apache.catalina.filters.SetCharacterEncodingFilter.doFilter(SetCharacterEncodingFilter.java:108)
	at org.apache.catalina.core.ApplicationFilterChain.internalDoFilter(ApplicationFilterChain.java:192)
	at org.apache.catalina.core.ApplicationFilterChain.doFilter(ApplicationFilterChain.java:165)
	at org.apache.catalina.core.StandardWrapperValve.invoke(StandardWrapperValve.java:198)
	at org.apache.catalina.core.StandardContextValve.invoke(StandardContextValve.java:96)
	at org.apache.catalina.authenticator.AuthenticatorBase.invoke(AuthenticatorBase.java:478)
	at org.apache.catalina.core.StandardHostValve.invoke(StandardHostValve.java:140)
	at org.apache.catalina.valves.ErrorReportValve.invoke(ErrorReportValve.java:80)
	at org.apache.catalina.valves.AbstractAccessLogValve.invoke(AbstractAccessLogValve.java:624)
	at org.apache.catalina.core.StandardEngineValve.invoke(StandardEngineValve.java:87)
	at org.apache.catalina.connector.CoyoteAdapter.service(CoyoteAdapter.java:341)
	at org.apache.coyote.http11.Http11Processor.service(Http11Processor.java:783)
	at org.apache.coyote.AbstractProcessorLight.process(AbstractProcessorLight.java:66)
	at org.apache.coyote.AbstractProtocol$ConnectionHandler.process(AbstractProtocol.java:798)
	at org.apache.tomcat.util.net.NioEndpoint$SocketProcessor.doRun(NioEndpoint.java:1441)
	at org.apache.tomcat.util.net.SocketProcessorBase.run(SocketProcessorBase.java:49)
	at java.util.concurrent.ThreadPoolExecutor.runWorker(ThreadPoolExecutor.java:1142)
	at java.util.concurrent.ThreadPoolExecutor$Worker.run(ThreadPoolExecutor.java:617)
	at org.apache.tomcat.util.threads.TaskThread$WrappingRunnable.run(TaskThread.java:61)
	at java.lang.Thread.run(Thread.java:748)

16-Nov-2019 13:37:11.673 INFO [ContainerBackgroundProcessor[StandardEngine[Catalina]]] org.apache.catalina.core.ApplicationContext.log SessionListener: sessionDestroyed('38360E941AE1439523188520D07FB781')
16-Nov-2019 14:01:54.362 INFO [http-nio-8080-exec-8] org.apache.catalina.core.ApplicationContext.log SessionListener: sessionCreated('A8652C0F3E46EB1A63FCC73FF5B3749F')
16-Nov-2019 14:19:16.433 INFO [http-nio-8080-exec-12] org.apache.catalina.core.ApplicationContext.log SessionListener: sessionCreated('19E59ED9EFD8BB3E4F12CD34E3265876')
16-Nov-2019 14:19:40.101 INFO [http-nio-8080-exec-6] org.apache.catalina.core.ApplicationContext.log SessionListener: sessionCreated('9325A533EA64EB3FA691AF491B87B37F')
16-Nov-2019 14:30:17.693 INFO [http-nio-8080-exec-2] org.apache.catalina.core.ApplicationContext.log SessionListener: sessionCreated('566B1ED024223A58D840FA2F840501E5')
16-Nov-2019 14:30:40.979 INFO [http-nio-8080-exec-3] org.apache.catalina.core.ApplicationContext.log SessionListener: sessionCreated('9D4B8BDD3B13CB320C19B565BF40E8CF')
16-Nov-2019 14:31:09.162 INFO [http-nio-8080-exec-13] org.apache.catalina.core.ApplicationContext.log SessionListener: sessionCreated('D62F038086A1D75702ADAD7387B14219')
16-Nov-2019 14:31:30.668 INFO [http-nio-8080-exec-2] org.apache.catalina.core.ApplicationContext.log SessionListener: sessionCreated('C645401716591ED0219E25A4452EED7D')
16-Nov-2019 14:32:11.949 INFO [ContainerBackgroundProcessor[StandardEngine[Catalina]]] org.apache.catalina.core.ApplicationContext.log SessionListener: sessionDestroyed('A8652C0F3E46EB1A63FCC73FF5B3749F')
16-Nov-2019 14:50:12.039 INFO [ContainerBackgroundProcessor[StandardEngine[Catalina]]] org.apache.catalina.core.ApplicationContext.log SessionListener: sessionDestroyed('19E59ED9EFD8BB3E4F12CD34E3265876')
16-Nov-2019 14:50:12.039 INFO [ContainerBackgroundProcessor[StandardEngine[Catalina]]] org.apache.catalina.core.ApplicationContext.log SessionListener: sessionDestroyed('9325A533EA64EB3FA691AF491B87B37F')
16-Nov-2019 15:01:12.093 INFO [ContainerBackgroundProcessor[StandardEngine[Catalina]]] org.apache.catalina.core.ApplicationContext.log SessionListener: sessionDestroyed('9D4B8BDD3B13CB320C19B565BF40E8CF')
16-Nov-2019 15:01:12.093 INFO [ContainerBackgroundProcessor[StandardEngine[Catalina]]] org.apache.catalina.core.ApplicationContext.log SessionListener: sessionDestroyed('D62F038086A1D75702ADAD7387B14219')
16-Nov-2019 15:01:12.093 INFO [ContainerBackgroundProcessor[StandardEngine[Catalina]]] org.apache.catalina.core.ApplicationContext.log SessionListener: sessionDestroyed('566B1ED024223A58D840FA2F840501E5')
16-Nov-2019 15:02:12.098 INFO [ContainerBackgroundProcessor[StandardEngine[Catalina]]] org.apache.catalina.core.ApplicationContext.log SessionListener: sessionDestroyed('C645401716591ED0219E25A4452EED7D')
