14-Nov-2019 00:10:54.376 INFO [ContainerBackgroundProcessor[StandardEngine[Catalina]]] org.apache.catalina.core.ApplicationContext.log SessionListener: sessionDestroyed('7DBBC91BF946D019D481E2872A008843')
14-Nov-2019 00:10:54.376 INFO [ContainerBackgroundProcessor[StandardEngine[Catalina]]] org.apache.catalina.core.ApplicationContext.log SessionListener: attributeRemoved('7DBBC91BF946D019D481E2872A008843', 'numguess', 'num.NumberGuessBean@890aa3e')
14-Nov-2019 00:18:54.413 INFO [ContainerBackgroundProcessor[StandardEngine[Catalina]]] org.apache.catalina.core.ApplicationContext.log SessionListener: sessionDestroyed('65A9B47130FDB0BB6B87E98469002362')
14-Nov-2019 00:24:52.248 INFO [http-nio-8080-exec-2] org.apache.catalina.core.ApplicationContext.log SessionListener: sessionCreated('DBE0A5ED0EA2C8472F396E045B3A69C2')
14-Nov-2019 00:45:36.884 INFO [http-nio-8080-exec-2] org.apache.catalina.core.ApplicationContext.log SessionListener: sessionCreated('77703B15A8FFF0A5EE38071F7C4D7460')
14-Nov-2019 00:54:54.578 INFO [ContainerBackgroundProcessor[StandardEngine[Catalina]]] org.apache.catalina.core.ApplicationContext.log SessionListener: sessionDestroyed('DBE0A5ED0EA2C8472F396E045B3A69C2')
14-Nov-2019 01:15:54.675 INFO [ContainerBackgroundProcessor[StandardEngine[Catalina]]] org.apache.catalina.core.ApplicationContext.log SessionListener: sessionDestroyed('77703B15A8FFF0A5EE38071F7C4D7460')
14-Nov-2019 01:45:01.229 INFO [http-nio-8080-exec-8] org.apache.catalina.core.ApplicationContext.log SessionListener: sessionCreated('D9F5A34218E77AEC7FD10DCC769E61E0')
14-Nov-2019 01:50:24.315 INFO [http-nio-8080-exec-13] org.apache.catalina.core.ApplicationContext.log SessionListener: sessionCreated('7545FF52035831DE0D2E10CC0BFCDFC2')
14-Nov-2019 01:57:35.954 INFO [http-nio-8080-exec-11] org.apache.catalina.core.ApplicationContext.log SessionListener: sessionCreated('A428FBC2CAF00992B68B6CF9C577098D')
14-Nov-2019 02:04:53.213 INFO [http-nio-8080-exec-13] org.apache.catalina.core.ApplicationContext.log SessionListener: sessionCreated('226EED412BA8B2A1B1667E3138BF8C08')
14-Nov-2019 02:15:54.951 INFO [ContainerBackgroundProcessor[StandardEngine[Catalina]]] org.apache.catalina.core.ApplicationContext.log SessionListener: sessionDestroyed('D9F5A34218E77AEC7FD10DCC769E61E0')
14-Nov-2019 02:20:54.974 INFO [ContainerBackgroundProcessor[StandardEngine[Catalina]]] org.apache.catalina.core.ApplicationContext.log SessionListener: sessionDestroyed('7545FF52035831DE0D2E10CC0BFCDFC2')
14-Nov-2019 02:27:55.007 INFO [ContainerBackgroundProcessor[StandardEngine[Catalina]]] org.apache.catalina.core.ApplicationContext.log SessionListener: sessionDestroyed('A428FBC2CAF00992B68B6CF9C577098D')
14-Nov-2019 02:34:32.795 INFO [http-nio-8080-exec-2] org.apache.catalina.core.ApplicationContext.log SessionListener: sessionCreated('6FF6D34CD5A52565E9D62B313993DB75')
14-Nov-2019 02:34:55.039 INFO [ContainerBackgroundProcessor[StandardEngine[Catalina]]] org.apache.catalina.core.ApplicationContext.log SessionListener: sessionDestroyed('226EED412BA8B2A1B1667E3138BF8C08')
14-Nov-2019 02:48:00.412 INFO [http-nio-8080-exec-3] org.apache.catalina.core.ApplicationContext.log SessionListener: sessionCreated('242460312C300AC466ACE862AAD3159C')
14-Nov-2019 02:55:11.880 INFO [http-nio-8080-exec-8] org.apache.catalina.core.ApplicationContext.log SessionListener: sessionCreated('72652F1549542B8D6808057DA57B29FD')
14-Nov-2019 03:04:55.178 INFO [ContainerBackgroundProcessor[StandardEngine[Catalina]]] org.apache.catalina.core.ApplicationContext.log SessionListener: sessionDestroyed('6FF6D34CD5A52565E9D62B313993DB75')
14-Nov-2019 03:09:35.876 INFO [http-nio-8080-exec-12] org.apache.catalina.core.ApplicationContext.log SessionListener: sessionCreated('8AA3AA213A4A1D366BD4FBCE43518E2A')
14-Nov-2019 03:18:55.242 INFO [ContainerBackgroundProcessor[StandardEngine[Catalina]]] org.apache.catalina.core.ApplicationContext.log SessionListener: sessionDestroyed('242460312C300AC466ACE862AAD3159C')
14-Nov-2019 03:25:55.274 INFO [ContainerBackgroundProcessor[StandardEngine[Catalina]]] org.apache.catalina.core.ApplicationContext.log SessionListener: sessionDestroyed('72652F1549542B8D6808057DA57B29FD')
14-Nov-2019 03:31:12.180 INFO [http-nio-8080-exec-8] org.apache.catalina.core.ApplicationContext.log SessionListener: sessionCreated('99612086925A9E93BBD2057AC0626108')
14-Nov-2019 03:38:24.357 INFO [http-nio-8080-exec-8] org.apache.catalina.core.ApplicationContext.log SessionListener: sessionCreated('30E40EE50692C2CB18011680389592DD')
14-Nov-2019 03:39:55.340 INFO [ContainerBackgroundProcessor[StandardEngine[Catalina]]] org.apache.catalina.core.ApplicationContext.log SessionListener: sessionDestroyed('8AA3AA213A4A1D366BD4FBCE43518E2A')
14-Nov-2019 03:45:36.354 INFO [http-nio-8080-exec-12] org.apache.catalina.core.ApplicationContext.log SessionListener: sessionCreated('09128F0A763AED9EF2FB41A23191614B')
14-Nov-2019 03:59:59.909 INFO [http-nio-8080-exec-9] org.apache.catalina.core.ApplicationContext.log SessionListener: sessionCreated('DBDA8E3940C5C58EC743C12BF71A122C')
14-Nov-2019 04:01:55.442 INFO [ContainerBackgroundProcessor[StandardEngine[Catalina]]] org.apache.catalina.core.ApplicationContext.log SessionListener: sessionDestroyed('99612086925A9E93BBD2057AC0626108')
14-Nov-2019 04:08:55.475 INFO [ContainerBackgroundProcessor[StandardEngine[Catalina]]] org.apache.catalina.core.ApplicationContext.log SessionListener: sessionDestroyed('30E40EE50692C2CB18011680389592DD')
14-Nov-2019 04:15:55.507 INFO [ContainerBackgroundProcessor[StandardEngine[Catalina]]] org.apache.catalina.core.ApplicationContext.log SessionListener: sessionDestroyed('09128F0A763AED9EF2FB41A23191614B')
14-Nov-2019 04:21:36.047 INFO [http-nio-8080-exec-1] org.apache.catalina.core.ApplicationContext.log SessionListener: sessionCreated('57B3CC03D07ACA97329B77930ED4EE77')
14-Nov-2019 04:30:55.577 INFO [ContainerBackgroundProcessor[StandardEngine[Catalina]]] org.apache.catalina.core.ApplicationContext.log SessionListener: sessionDestroyed('DBDA8E3940C5C58EC743C12BF71A122C')
14-Nov-2019 04:50:24.119 INFO [http-nio-8080-exec-11] org.apache.catalina.core.ApplicationContext.log SessionListener: sessionCreated('6DD4F4F511EF1921E8310CCF6593D9E3')
14-Nov-2019 04:51:55.676 INFO [ContainerBackgroundProcessor[StandardEngine[Catalina]]] org.apache.catalina.core.ApplicationContext.log SessionListener: sessionDestroyed('57B3CC03D07ACA97329B77930ED4EE77')
14-Nov-2019 04:57:35.951 INFO [http-nio-8080-exec-11] org.apache.catalina.core.ApplicationContext.log SessionListener: sessionCreated('057FFC78C90340F7E8540BD230DC0BA9')
14-Nov-2019 05:20:55.809 INFO [ContainerBackgroundProcessor[StandardEngine[Catalina]]] org.apache.catalina.core.ApplicationContext.log SessionListener: sessionDestroyed('6DD4F4F511EF1921E8310CCF6593D9E3')
14-Nov-2019 05:26:23.778 INFO [http-nio-8080-exec-6] org.apache.catalina.core.ApplicationContext.log SessionListener: sessionCreated('0A02C33330D44E0156B68229DE4D8A76')
14-Nov-2019 05:27:55.842 INFO [ContainerBackgroundProcessor[StandardEngine[Catalina]]] org.apache.catalina.core.ApplicationContext.log SessionListener: sessionDestroyed('057FFC78C90340F7E8540BD230DC0BA9')
14-Nov-2019 05:35:00.117 INFO [http-nio-8080-exec-9] org.apache.catalina.core.ApplicationContext.log SessionListener: sessionCreated('F40A7E9D9399AAC3310A23CEF43D3393')
14-Nov-2019 05:48:00.011 INFO [http-nio-8080-exec-5] org.apache.catalina.core.ApplicationContext.log SessionListener: sessionCreated('E9D2780A0EF52C39D85F64EB66946B9C')
14-Nov-2019 05:55:11.884 INFO [http-nio-8080-exec-3] org.apache.catalina.core.ApplicationContext.log SessionListener: sessionCreated('FEB10EFBE867FB1C07AE75196D9B3A08')
14-Nov-2019 05:56:55.977 INFO [ContainerBackgroundProcessor[StandardEngine[Catalina]]] org.apache.catalina.core.ApplicationContext.log SessionListener: sessionDestroyed('0A02C33330D44E0156B68229DE4D8A76')
14-Nov-2019 06:05:56.020 INFO [ContainerBackgroundProcessor[StandardEngine[Catalina]]] org.apache.catalina.core.ApplicationContext.log SessionListener: sessionDestroyed('2BAA38FFB604ABC62710E85BFDD45676')
14-Nov-2019 06:18:56.080 INFO [ContainerBackgroundProcessor[StandardEngine[Catalina]]] org.apache.catalina.core.ApplicationContext.log SessionListener: sessionDestroyed('E9D2780A0EF52C39D85F64EB66946B9C')
14-Nov-2019 06:24:06.107 INFO [http-nio-8080-exec-2] org.apache.catalina.core.ApplicationContext.log SessionListener: sessionCreated('ADBA24C1763D72DCF76CCF2EB8C02784')
14-Nov-2019 06:25:56.113 INFO [ContainerBackgroundProcessor[StandardEngine[Catalina]]] org.apache.catalina.core.ApplicationContext.log SessionListener: sessionDestroyed('FEB10EFBE867FB1C07AE75196D9B3A08')
14-Nov-2019 06:54:56.248 INFO [ContainerBackgroundProcessor[StandardEngine[Catalina]]] org.apache.catalina.core.ApplicationContext.log SessionListener: sessionDestroyed('ADBA24C1763D72DCF76CCF2EB8C02784')
14-Nov-2019 08:48:00.041 INFO [http-nio-8080-exec-5] org.apache.catalina.core.ApplicationContext.log SessionListener: sessionCreated('6474CFF07BFD61D0E17CFD9556B633D3')
14-Nov-2019 08:55:11.904 INFO [http-nio-8080-exec-13] org.apache.catalina.core.ApplicationContext.log SessionListener: sessionCreated('E421ABBC65A50B5B37C71AFF2D536E22')
14-Nov-2019 09:18:56.914 INFO [ContainerBackgroundProcessor[StandardEngine[Catalina]]] org.apache.catalina.core.ApplicationContext.log SessionListener: sessionDestroyed('6474CFF07BFD61D0E17CFD9556B633D3')
14-Nov-2019 09:25:56.948 INFO [ContainerBackgroundProcessor[StandardEngine[Catalina]]] org.apache.catalina.core.ApplicationContext.log SessionListener: sessionDestroyed('E421ABBC65A50B5B37C71AFF2D536E22')
